This file contains any messages produced by compilers while
running configure, to aid debugging if configure makes a mistake.

It was created by opencore-amr configure 0.1.3, which was
generated by GNU Autoconf 2.68.  Invocation command line was

  $ ./configure --host=arm-apple-darwin --prefix=/Users/cxjwin/Desktop/opencore_amr_ios/arm64 --disable-shared

## --------- ##
## Platform. ##
## --------- ##

hostname = cxjwinmatoMacBook-Pro.local
uname -m = x86_64
uname -r = 14.3.0
uname -s = Darwin
uname -v = Darwin Kernel Version 14.3.0: Wed Apr  8 03:17:44 PDT 2015; root:xnu-2782.20.48~13/RELEASE_X86_64

/usr/bin/uname -p = i386
/bin/uname -X     = unknown

/bin/arch              = unknown
/usr/bin/arch -k       = unknown
/usr/convex/getsysinfo = unknown
/usr/bin/hostinfo      = Mach kernel version:
	 Darwin Kernel Version 14.3.0: Wed Apr  8 03:17:44 PDT 2015; root:xnu-2782.20.48~13/RELEASE_X86_64
Kernel configured for up to 8 processors.
4 processors are physically available.
8 processors are logically available.
Processor type: i486 (Intel 80486)
Processors active: 0 1 2 3 4 5 6 7
Primary memory available: 8.00 gigabytes
Default processor set: 207 tasks, 827 threads, 8 processors
Load average: 3.06, Mach factor: 6.03
/bin/machine           = unknown
/usr/bin/oslevel       = unknown
/bin/universe          = unknown

PATH: /Applications/Xcode.app/Contents/Developer/Platforms/iPhoneOS.platform/Developer/usr/bin
PATH: /usr/local/bin
PATH: /usr/bin
PATH: /bin
PATH: /usr/sbin
PATH: /sbin


## ----------- ##
## Core tests. ##
## ----------- ##

configure:2576: checking for a BSD-compatible install
configure:2644: result: /usr/bin/install -c
configure:2655: checking whether build environment is sane
configure:2705: result: yes
configure:2754: checking for arm-apple-darwin-strip
configure:2784: result: no
configure:2794: checking for strip
configure:2810: found /Applications/Xcode.app/Contents/Developer/Platforms/iPhoneOS.platform/Developer/usr/bin/strip
configure:2821: result: strip
configure:2846: checking for a thread-safe mkdir -p
configure:2885: result: ./install-sh -c -d
configure:2898: checking for gawk
configure:2928: result: no
configure:2898: checking for mawk
configure:2928: result: no
configure:2898: checking for nawk
configure:2928: result: no
configure:2898: checking for awk
configure:2914: found /usr/bin/awk
configure:2925: result: awk
configure:2936: checking whether make sets $(MAKE)
configure:2958: result: yes
configure:3033: checking how to create a ustar tar archive
configure:3046: tar --version
bsdtar 2.8.3 - libarchive 2.8.3
configure:3049: $? = 0
configure:3089: tardir=conftest.dir && eval tar --format=ustar -chf - "$tardir" >conftest.tar
configure:3092: $? = 0
configure:3096: tar -xf - <conftest.tar
configure:3099: $? = 0
configure:3112: result: gnutar
configure:3130: checking whether make supports nested variables
configure:3147: result: yes
configure:3161: checking whether to enable maintainer-specific portions of Makefiles
configure:3170: result: no
configure:3189: checking build system type
configure:3203: result: x86_64-apple-darwin14.3.0
configure:3223: checking host system type
configure:3236: result: arm-apple-darwin
configure:3449: checking for C++ compiler version
configure:3458: xcrun --sdk iphoneos clang++ -arch arm64 -miphoneos-version-min=7.0 --sysroot=/Applications/Xcode.app/Contents/Developer/Platforms/iPhoneOS.platform/Developer/SDKs/iPhoneOS8.3.sdk -isystem /Applications/Xcode.app/Contents/Developer/Platforms/iPhoneOS.platform/Developer/SDKs/iPhoneOS8.3.sdk/usr/include --version >&5
Apple LLVM version 6.1.0 (clang-602.0.49) (based on LLVM 3.6.0svn)
Target: aarch64-apple-darwin14.3.0
Thread model: posix
configure:3469: $? = 0
configure:3458: xcrun --sdk iphoneos clang++ -arch arm64 -miphoneos-version-min=7.0 --sysroot=/Applications/Xcode.app/Contents/Developer/Platforms/iPhoneOS.platform/Developer/SDKs/iPhoneOS8.3.sdk -isystem /Applications/Xcode.app/Contents/Developer/Platforms/iPhoneOS.platform/Developer/SDKs/iPhoneOS8.3.sdk/usr/include -v >&5
Apple LLVM version 6.1.0 (clang-602.0.49) (based on LLVM 3.6.0svn)
Target: aarch64-apple-darwin14.3.0
Thread model: posix
clang: warning: argument unused during compilation: '-miphoneos-version-min=7.0'
clang: warning: argument unused during compilation: '-isystem /Applications/Xcode.app/Contents/Developer/Platforms/iPhoneOS.platform/Developer/SDKs/iPhoneOS8.3.sdk/usr/include'
configure:3469: $? = 0
configure:3458: xcrun --sdk iphoneos clang++ -arch arm64 -miphoneos-version-min=7.0 --sysroot=/Applications/Xcode.app/Contents/Developer/Platforms/iPhoneOS.platform/Developer/SDKs/iPhoneOS8.3.sdk -isystem /Applications/Xcode.app/Contents/Developer/Platforms/iPhoneOS.platform/Developer/SDKs/iPhoneOS8.3.sdk/usr/include -V >&5
clang: error: argument to '-V' is missing (expected 1 value)
clang: error: no input files
configure:3469: $? = 1
configure:3458: xcrun --sdk iphoneos clang++ -arch arm64 -miphoneos-version-min=7.0 --sysroot=/Applications/Xcode.app/Contents/Developer/Platforms/iPhoneOS.platform/Developer/SDKs/iPhoneOS8.3.sdk -isystem /Applications/Xcode.app/Contents/Developer/Platforms/iPhoneOS.platform/Developer/SDKs/iPhoneOS8.3.sdk/usr/include -qversion >&5
clang: error: unknown argument: '-qversion'
clang: error: no input files
configure:3469: $? = 1
configure:3489: checking whether the C++ compiler works
configure:3511: xcrun --sdk iphoneos clang++ -arch arm64 -miphoneos-version-min=7.0 --sysroot=/Applications/Xcode.app/Contents/Developer/Platforms/iPhoneOS.platform/Developer/SDKs/iPhoneOS8.3.sdk -isystem /Applications/Xcode.app/Contents/Developer/Platforms/iPhoneOS.platform/Developer/SDKs/iPhoneOS8.3.sdk/usr/include   -Wl,-syslibroot,/Applications/Xcode.app/Contents/Developer/Platforms/iPhoneOS.platform/Developer/SDKs/iPhoneOS8.3.sdk conftest.cpp  >&5
configure:3515: $? = 0
configure:3563: result: yes
configure:3566: checking for C++ compiler default output file name
configure:3568: result: a.out
configure:3574: checking for suffix of executables
configure:3581: xcrun --sdk iphoneos clang++ -arch arm64 -miphoneos-version-min=7.0 --sysroot=/Applications/Xcode.app/Contents/Developer/Platforms/iPhoneOS.platform/Developer/SDKs/iPhoneOS8.3.sdk -isystem /Applications/Xcode.app/Contents/Developer/Platforms/iPhoneOS.platform/Developer/SDKs/iPhoneOS8.3.sdk/usr/include -o conftest   -Wl,-syslibroot,/Applications/Xcode.app/Contents/Developer/Platforms/iPhoneOS.platform/Developer/SDKs/iPhoneOS8.3.sdk conftest.cpp  >&5
configure:3585: $? = 0
configure:3607: result: 
configure:3629: checking whether we are cross compiling
configure:3637: xcrun --sdk iphoneos clang++ -arch arm64 -miphoneos-version-min=7.0 --sysroot=/Applications/Xcode.app/Contents/Developer/Platforms/iPhoneOS.platform/Developer/SDKs/iPhoneOS8.3.sdk -isystem /Applications/Xcode.app/Contents/Developer/Platforms/iPhoneOS.platform/Developer/SDKs/iPhoneOS8.3.sdk/usr/include -o conftest   -Wl,-syslibroot,/Applications/Xcode.app/Contents/Developer/Platforms/iPhoneOS.platform/Developer/SDKs/iPhoneOS8.3.sdk conftest.cpp  >&5
configure:3641: $? = 0
configure:3648: ./conftest
./configure: line 3650: ./conftest: Bad CPU type in executable
configure:3652: $? = 126
configure:3667: result: yes
configure:3672: checking for suffix of object files
configure:3694: xcrun --sdk iphoneos clang++ -arch arm64 -miphoneos-version-min=7.0 --sysroot=/Applications/Xcode.app/Contents/Developer/Platforms/iPhoneOS.platform/Developer/SDKs/iPhoneOS8.3.sdk -isystem /Applications/Xcode.app/Contents/Developer/Platforms/iPhoneOS.platform/Developer/SDKs/iPhoneOS8.3.sdk/usr/include -c   conftest.cpp >&5
configure:3698: $? = 0
configure:3719: result: o
configure:3723: checking whether we are using the GNU C++ compiler
configure:3742: xcrun --sdk iphoneos clang++ -arch arm64 -miphoneos-version-min=7.0 --sysroot=/Applications/Xcode.app/Contents/Developer/Platforms/iPhoneOS.platform/Developer/SDKs/iPhoneOS8.3.sdk -isystem /Applications/Xcode.app/Contents/Developer/Platforms/iPhoneOS.platform/Developer/SDKs/iPhoneOS8.3.sdk/usr/include -c   conftest.cpp >&5
configure:3742: $? = 0
configure:3751: result: yes
configure:3760: checking whether xcrun --sdk iphoneos clang++ -arch arm64 -miphoneos-version-min=7.0 --sysroot=/Applications/Xcode.app/Contents/Developer/Platforms/iPhoneOS.platform/Developer/SDKs/iPhoneOS8.3.sdk -isystem /Applications/Xcode.app/Contents/Developer/Platforms/iPhoneOS.platform/Developer/SDKs/iPhoneOS8.3.sdk/usr/include accepts -g
configure:3780: xcrun --sdk iphoneos clang++ -arch arm64 -miphoneos-version-min=7.0 --sysroot=/Applications/Xcode.app/Contents/Developer/Platforms/iPhoneOS.platform/Developer/SDKs/iPhoneOS8.3.sdk -isystem /Applications/Xcode.app/Contents/Developer/Platforms/iPhoneOS.platform/Developer/SDKs/iPhoneOS8.3.sdk/usr/include -c -g  conftest.cpp >&5
configure:3780: $? = 0
configure:3821: result: yes
configure:3855: checking for style of include used by make
configure:3883: result: GNU
configure:3909: checking dependency style of xcrun --sdk iphoneos clang++ -arch arm64 -miphoneos-version-min=7.0 --sysroot=/Applications/Xcode.app/Contents/Developer/Platforms/iPhoneOS.platform/Developer/SDKs/iPhoneOS8.3.sdk -isystem /Applications/Xcode.app/Contents/Developer/Platforms/iPhoneOS.platform/Developer/SDKs/iPhoneOS8.3.sdk/usr/include
configure:4020: result: gcc3
configure:4043: checking for arm-apple-darwin-gcc
configure:4073: result: no
configure:4083: checking for gcc
configure:4099: found /usr/bin/gcc
configure:4110: result: gcc
configure:4122: WARNING: using cross tools not prefixed with host triplet
configure:4339: checking for C compiler version
configure:4348: gcc --version >&5
Apple LLVM version 6.1.0 (clang-602.0.49) (based on LLVM 3.6.0svn)
Target: x86_64-apple-darwin14.3.0
Thread model: posix
Configured with: --prefix=/Applications/Xcode.app/Contents/Developer/usr --with-gxx-include-dir=/usr/include/c++/4.2.1
configure:4359: $? = 0
configure:4348: gcc -v >&5
Configured with: --prefix=/Applications/Xcode.app/Contents/Developer/usr --with-gxx-include-dir=/usr/include/c++/4.2.1
Apple LLVM version 6.1.0 (clang-602.0.49) (based on LLVM 3.6.0svn)
Target: x86_64-apple-darwin14.3.0
Thread model: posix
configure:4359: $? = 0
configure:4348: gcc -V >&5
clang: error: argument to '-V' is missing (expected 1 value)
clang: error: no input files
configure:4359: $? = 1
configure:4348: gcc -qversion >&5
clang: error: unknown argument: '-qversion'
clang: error: no input files
configure:4359: $? = 1
configure:4363: checking whether we are using the GNU C compiler
configure:4382: gcc -c   conftest.c >&5
configure:4382: $? = 0
configure:4391: result: yes
configure:4400: checking whether gcc accepts -g
configure:4420: gcc -c -g  conftest.c >&5
configure:4420: $? = 0
configure:4461: result: yes
configure:4478: checking for gcc option to accept ISO C89
configure:4542: gcc  -c -g -O2  conftest.c >&5
configure:4542: $? = 0
configure:4555: result: none needed
configure:4577: checking dependency style of gcc
configure:4688: result: gcc3
configure:4704: checking whether ln -s works
configure:4708: result: yes
configure:4715: checking whether make sets $(MAKE)
configure:4737: result: yes
configure:4794: checking how to print strings
configure:4821: result: printf
configure:4842: checking for a sed that does not truncate output
configure:4906: result: /usr/bin/sed
configure:4924: checking for grep that handles long lines and -e
configure:4982: result: /usr/bin/grep
configure:4987: checking for egrep
configure:5049: result: /usr/bin/grep -E
configure:5054: checking for fgrep
configure:5116: result: /usr/bin/grep -F
configure:5151: checking for ld used by gcc
configure:5218: result: /Applications/Xcode.app/Contents/Developer/Toolchains/XcodeDefault.xctoolchain/usr/bin/ld
configure:5225: checking if the linker (/Applications/Xcode.app/Contents/Developer/Toolchains/XcodeDefault.xctoolchain/usr/bin/ld) is GNU ld
configure:5240: result: no
configure:5252: checking for BSD- or MS-compatible name lister (nm)
configure:5301: result: no
configure:5315: checking for arm-apple-darwin-dumpbin
configure:5345: result: no
configure:5315: checking for arm-apple-darwin-link
configure:5345: result: no
configure:5359: checking for dumpbin
configure:5389: result: no
configure:5359: checking for link
configure:5375: found /bin/link
configure:5386: result: link -dump
configure:5431: checking the name lister (nm) interface
configure:5438: gcc -c -g -O2  conftest.c >&5
configure:5441: nm "conftest.o"
configure:5444: output
00000000000001fc S _some_variable
configure:5451: result: BSD nm
configure:5455: checking the maximum length of command line arguments
configure:5585: result: 196608
configure:5602: checking whether the shell understands some XSI constructs
configure:5612: result: yes
configure:5616: checking whether the shell understands "+="
configure:5622: result: yes
configure:5657: checking how to convert x86_64-apple-darwin14.3.0 file names to arm-apple-darwin format
configure:5697: result: func_convert_file_noop
configure:5704: checking how to convert x86_64-apple-darwin14.3.0 file names to toolchain format
configure:5724: result: func_convert_file_noop
configure:5731: checking for /Applications/Xcode.app/Contents/Developer/Toolchains/XcodeDefault.xctoolchain/usr/bin/ld option to reload object files
configure:5738: result: -r
configure:5772: checking for arm-apple-darwin-objdump
configure:5802: result: no
configure:5812: checking for objdump
configure:5842: result: no
configure:5871: checking how to recognize dependent libraries
configure:6073: result: pass_all
configure:6118: checking for arm-apple-darwin-dlltool
configure:6148: result: no
configure:6158: checking for dlltool
configure:6188: result: no
configure:6218: checking how to associate runtime and link libraries
configure:6245: result: printf %s\n
configure:6262: checking for arm-apple-darwin-ar
configure:6292: result: no
configure:6306: checking for ar
configure:6322: found /Applications/Xcode.app/Contents/Developer/Platforms/iPhoneOS.platform/Developer/usr/bin/ar
configure:6333: result: ar
configure:6370: checking for archiver @FILE support
configure:6387: gcc -c -g -O2  conftest.c >&5
configure:6387: $? = 0
configure:6390: ar cru libconftest.a @conftest.lst >&5
ar: @conftest.lst: No such file or directory
configure:6393: $? = 1
configure:6413: result: no
configure:6431: checking for arm-apple-darwin-strip
configure:6458: result: strip
configure:6530: checking for arm-apple-darwin-ranlib
configure:6560: result: no
configure:6570: checking for ranlib
configure:6586: found /Applications/Xcode.app/Contents/Developer/Platforms/iPhoneOS.platform/Developer/usr/bin/ranlib
configure:6597: result: ranlib
configure:6699: checking command to parse nm output from gcc object
configure:6819: gcc -c -g -O2  conftest.c >&5
configure:6822: $? = 0
configure:6826: nm conftest.o \| sed -n -e 's/^.*[ ]\([BCDEGRST][BCDEGRST]*\)[ ][ ]*\([_A-Za-z][_A-Za-z0-9]*\)$/\1 \2 \2/p' | sed '/ __gnu_lto/d' \> conftest.nm
configure:6829: $? = 0
cannot find nm_test_var in conftest.nm
configure:6819: gcc -c -g -O2  conftest.c >&5
configure:6822: $? = 0
configure:6826: nm conftest.o \| sed -n -e 's/^.*[ ]\([BCDEGRST][BCDEGRST]*\)[ ][ ]*_\([_A-Za-z][_A-Za-z0-9]*\)$/\1 _\2 \2/p' | sed '/ __gnu_lto/d' \> conftest.nm
configure:6829: $? = 0
configure:6895: gcc -o conftest -g -O2  -Wl,-syslibroot,/Applications/Xcode.app/Contents/Developer/Platforms/iPhoneOS.platform/Developer/SDKs/iPhoneOS8.3.sdk conftest.c conftstm.o >&5
ld: warning: ignoring file /Applications/Xcode.app/Contents/Developer/Platforms/iPhoneOS.platform/Developer/SDKs/iPhoneOS8.3.sdk/usr/lib/libSystem.dylib, missing required architecture x86_64 in file /Applications/Xcode.app/Contents/Developer/Platforms/iPhoneOS.platform/Developer/SDKs/iPhoneOS8.3.sdk/usr/lib/libSystem.dylib (3 slices)
ld: dynamic main executables must link with libSystem.dylib for architecture x86_64
clang: error: linker command failed with exit code 1 (use -v to see invocation)
configure:6898: $? = 1
configure:6933: result: failed
configure:6973: checking for sysroot
configure:7003: result: no
configure:7219: checking for arm-apple-darwin-mt
configure:7249: result: no
configure:7259: checking for mt
configure:7289: result: no
configure:7309: checking if : is a manifest tool
configure:7315: : '-?'
configure:7323: result: no
configure:7339: checking for arm-apple-darwin-dsymutil
configure:7369: result: no
configure:7379: checking for dsymutil
configure:7395: found /Applications/Xcode.app/Contents/Developer/Platforms/iPhoneOS.platform/Developer/usr/bin/dsymutil
configure:7406: result: dsymutil
configure:7431: checking for arm-apple-darwin-nmedit
configure:7461: result: no
configure:7471: checking for nmedit
configure:7487: found /Applications/Xcode.app/Contents/Developer/Platforms/iPhoneOS.platform/Developer/usr/bin/nmedit
configure:7498: result: nmedit
configure:7523: checking for arm-apple-darwin-lipo
configure:7553: result: no
configure:7563: checking for lipo
configure:7579: found /Applications/Xcode.app/Contents/Developer/Platforms/iPhoneOS.platform/Developer/usr/bin/lipo
configure:7590: result: lipo
configure:7615: checking for arm-apple-darwin-otool
configure:7645: result: no
configure:7655: checking for otool
configure:7671: found /Applications/Xcode.app/Contents/Developer/Platforms/iPhoneOS.platform/Developer/usr/bin/otool
configure:7682: result: otool
configure:7707: checking for arm-apple-darwin-otool64
configure:7737: result: no
configure:7747: checking for otool64
configure:7777: result: no
configure:7822: checking for -single_module linker flag
gcc -g -O2 -Wl,-syslibroot,/Applications/Xcode.app/Contents/Developer/Platforms/iPhoneOS.platform/Developer/SDKs/iPhoneOS8.3.sdk -o libconftest.dylib -dynamiclib -Wl,-single_module conftest.c
configure:7855: result: yes
configure:7858: checking for -exported_symbols_list linker flag
configure:7878: gcc -o conftest -g -O2  -Wl,-syslibroot,/Applications/Xcode.app/Contents/Developer/Platforms/iPhoneOS.platform/Developer/SDKs/iPhoneOS8.3.sdk -Wl,-exported_symbols_list,conftest.sym conftest.c  >&5
ld: warning: ignoring file /Applications/Xcode.app/Contents/Developer/Platforms/iPhoneOS.platform/Developer/SDKs/iPhoneOS8.3.sdk/usr/lib/libSystem.dylib, missing required architecture x86_64 in file /Applications/Xcode.app/Contents/Developer/Platforms/iPhoneOS.platform/Developer/SDKs/iPhoneOS8.3.sdk/usr/lib/libSystem.dylib (3 slices)
ld: dynamic main executables must link with libSystem.dylib for architecture x86_64
clang: error: linker command failed with exit code 1 (use -v to see invocation)
configure:7878: $? = 1
configure: failed program was:
| /* confdefs.h */
| #define PACKAGE_NAME "opencore-amr"
| #define PACKAGE_TARNAME "opencore-amr"
| #define PACKAGE_VERSION "0.1.3"
| #define PACKAGE_STRING "opencore-amr 0.1.3"
| #define PACKAGE_BUGREPORT "http://sourceforge.net/projects/opencore-amr/"
| #define PACKAGE_URL ""
| #define PACKAGE "opencore-amr"
| #define VERSION "0.1.3"
| /* end confdefs.h.  */
| 
| int
| main ()
| {
| 
|   ;
|   return 0;
| }
configure:7888: result: no
configure:7891: checking for -force_load linker flag
gcc -g -O2 -c -o conftest.o conftest.c
ar cru libconftest.a conftest.o
ranlib libconftest.a
gcc -g -O2 -Wl,-syslibroot,/Applications/Xcode.app/Contents/Developer/Platforms/iPhoneOS.platform/Developer/SDKs/iPhoneOS8.3.sdk -o conftest conftest.c -Wl,-force_load,./libconftest.a
ld: warning: ignoring file /Applications/Xcode.app/Contents/Developer/Platforms/iPhoneOS.platform/Developer/SDKs/iPhoneOS8.3.sdk/usr/lib/libSystem.dylib, missing required architecture x86_64 in file /Applications/Xcode.app/Contents/Developer/Platforms/iPhoneOS.platform/Developer/SDKs/iPhoneOS8.3.sdk/usr/lib/libSystem.dylib (3 slices)
ld: dynamic main executables must link with libSystem.dylib for architecture x86_64
clang: error: linker command failed with exit code 1 (use -v to see invocation)
configure:7923: result: no
configure:7965: checking how to run the C preprocessor
configure:7996: gcc -E  conftest.c
configure:7996: $? = 0
configure:8010: gcc -E  conftest.c
conftest.c:11:10: fatal error: 'ac_nonexistent.h' file not found
#include <ac_nonexistent.h>
         ^
1 error generated.
configure:8010: $? = 1
configure: failed program was:
| /* confdefs.h */
| #define PACKAGE_NAME "opencore-amr"
| #define PACKAGE_TARNAME "opencore-amr"
| #define PACKAGE_VERSION "0.1.3"
| #define PACKAGE_STRING "opencore-amr 0.1.3"
| #define PACKAGE_BUGREPORT "http://sourceforge.net/projects/opencore-amr/"
| #define PACKAGE_URL ""
| #define PACKAGE "opencore-amr"
| #define VERSION "0.1.3"
| /* end confdefs.h.  */
| #include <ac_nonexistent.h>
configure:8035: result: gcc -E
configure:8055: gcc -E  conftest.c
configure:8055: $? = 0
configure:8069: gcc -E  conftest.c
conftest.c:11:10: fatal error: 'ac_nonexistent.h' file not found
#include <ac_nonexistent.h>
         ^
1 error generated.
configure:8069: $? = 1
configure: failed program was:
| /* confdefs.h */
| #define PACKAGE_NAME "opencore-amr"
| #define PACKAGE_TARNAME "opencore-amr"
| #define PACKAGE_VERSION "0.1.3"
| #define PACKAGE_STRING "opencore-amr 0.1.3"
| #define PACKAGE_BUGREPORT "http://sourceforge.net/projects/opencore-amr/"
| #define PACKAGE_URL ""
| #define PACKAGE "opencore-amr"
| #define VERSION "0.1.3"
| /* end confdefs.h.  */
| #include <ac_nonexistent.h>
configure:8098: checking for ANSI C header files
configure:8118: gcc -c -g -O2  conftest.c >&5
configure:8118: $? = 0
configure:8202: result: yes
configure:8215: checking for sys/types.h
configure:8215: gcc -c -g -O2  conftest.c >&5
configure:8215: $? = 0
configure:8215: result: yes
configure:8215: checking for sys/stat.h
configure:8215: gcc -c -g -O2  conftest.c >&5
configure:8215: $? = 0
configure:8215: result: yes
configure:8215: checking for stdlib.h
configure:8215: gcc -c -g -O2  conftest.c >&5
configure:8215: $? = 0
configure:8215: result: yes
configure:8215: checking for string.h
configure:8215: gcc -c -g -O2  conftest.c >&5
configure:8215: $? = 0
configure:8215: result: yes
configure:8215: checking for memory.h
configure:8215: gcc -c -g -O2  conftest.c >&5
configure:8215: $? = 0
configure:8215: result: yes
configure:8215: checking for strings.h
configure:8215: gcc -c -g -O2  conftest.c >&5
configure:8215: $? = 0
configure:8215: result: yes
configure:8215: checking for inttypes.h
configure:8215: gcc -c -g -O2  conftest.c >&5
configure:8215: $? = 0
configure:8215: result: yes
configure:8215: checking for stdint.h
configure:8215: gcc -c -g -O2  conftest.c >&5
configure:8215: $? = 0
configure:8215: result: yes
configure:8215: checking for unistd.h
configure:8215: gcc -c -g -O2  conftest.c >&5
configure:8215: $? = 0
configure:8215: result: yes
configure:8229: checking for dlfcn.h
configure:8229: gcc -c -g -O2  conftest.c >&5
configure:8229: $? = 0
configure:8229: result: yes
configure:8446: checking for objdir
configure:8461: result: .libs
configure:8732: checking if gcc supports -fno-rtti -fno-exceptions
configure:8750: gcc -c -g -O2  -fno-rtti -fno-exceptions conftest.c >&5
configure:8754: $? = 0
configure:8767: result: yes
configure:9094: checking for gcc option to produce PIC
configure:9101: result: -fno-common -DPIC
configure:9109: checking if gcc PIC flag -fno-common -DPIC works
configure:9127: gcc -c -g -O2  -fno-common -DPIC -DPIC conftest.c >&5
configure:9131: $? = 0
configure:9144: result: yes
configure:9173: checking if gcc static flag -static works
configure:9201: result: no
configure:9216: checking if gcc supports -c -o file.o
configure:9237: gcc -c -g -O2  -o out/conftest2.o conftest.c >&5
configure:9241: $? = 0
configure:9263: result: yes
configure:9271: checking if gcc supports -c -o file.o
configure:9318: result: yes
configure:9351: checking whether the gcc linker (/Applications/Xcode.app/Contents/Developer/Toolchains/XcodeDefault.xctoolchain/usr/bin/ld) supports shared libraries
configure:10508: result: yes
configure:10748: checking dynamic linker characteristics
configure:11493: result: darwin dyld
configure:11600: checking how to hardcode library paths into programs
configure:11625: result: immediate
configure:12165: checking whether stripping libraries is possible
configure:12179: result: yes
configure:12205: checking if libtool supports shared libraries
configure:12207: result: yes
configure:12210: checking whether to build shared libraries
configure:12231: result: no
configure:12234: checking whether to build static libraries
configure:12238: result: yes
configure:12261: checking how to run the C++ preprocessor
configure:12288: xcrun --sdk iphoneos clang++ -arch arm64 -miphoneos-version-min=7.0 --sysroot=/Applications/Xcode.app/Contents/Developer/Platforms/iPhoneOS.platform/Developer/SDKs/iPhoneOS8.3.sdk -isystem /Applications/Xcode.app/Contents/Developer/Platforms/iPhoneOS.platform/Developer/SDKs/iPhoneOS8.3.sdk/usr/include -E  conftest.cpp
configure:12288: $? = 0
configure:12302: xcrun --sdk iphoneos clang++ -arch arm64 -miphoneos-version-min=7.0 --sysroot=/Applications/Xcode.app/Contents/Developer/Platforms/iPhoneOS.platform/Developer/SDKs/iPhoneOS8.3.sdk -isystem /Applications/Xcode.app/Contents/Developer/Platforms/iPhoneOS.platform/Developer/SDKs/iPhoneOS8.3.sdk/usr/include -E  conftest.cpp
conftest.cpp:23:10: fatal error: 'ac_nonexistent.h' file not found
#include <ac_nonexistent.h>
         ^
1 error generated.
configure:12302: $? = 1
configure: failed program was:
| /* confdefs.h */
| #define PACKAGE_NAME "opencore-amr"
| #define PACKAGE_TARNAME "opencore-amr"
| #define PACKAGE_VERSION "0.1.3"
| #define PACKAGE_STRING "opencore-amr 0.1.3"
| #define PACKAGE_BUGREPORT "http://sourceforge.net/projects/opencore-amr/"
| #define PACKAGE_URL ""
| #define PACKAGE "opencore-amr"
| #define VERSION "0.1.3"
| #define STDC_HEADERS 1
| #define HAVE_SYS_TYPES_H 1
| #define HAVE_SYS_STAT_H 1
| #define HAVE_STDLIB_H 1
| #define HAVE_STRING_H 1
| #define HAVE_MEMORY_H 1
| #define HAVE_STRINGS_H 1
| #define HAVE_INTTYPES_H 1
| #define HAVE_STDINT_H 1
| #define HAVE_UNISTD_H 1
| #define HAVE_DLFCN_H 1
| #define LT_OBJDIR ".libs/"
| /* end confdefs.h.  */
| #include <ac_nonexistent.h>
configure:12327: result: xcrun --sdk iphoneos clang++ -arch arm64 -miphoneos-version-min=7.0 --sysroot=/Applications/Xcode.app/Contents/Developer/Platforms/iPhoneOS.platform/Developer/SDKs/iPhoneOS8.3.sdk -isystem /Applications/Xcode.app/Contents/Developer/Platforms/iPhoneOS.platform/Developer/SDKs/iPhoneOS8.3.sdk/usr/include -E
configure:12347: xcrun --sdk iphoneos clang++ -arch arm64 -miphoneos-version-min=7.0 --sysroot=/Applications/Xcode.app/Contents/Developer/Platforms/iPhoneOS.platform/Developer/SDKs/iPhoneOS8.3.sdk -isystem /Applications/Xcode.app/Contents/Developer/Platforms/iPhoneOS.platform/Developer/SDKs/iPhoneOS8.3.sdk/usr/include -E  conftest.cpp
configure:12347: $? = 0
configure:12361: xcrun --sdk iphoneos clang++ -arch arm64 -miphoneos-version-min=7.0 --sysroot=/Applications/Xcode.app/Contents/Developer/Platforms/iPhoneOS.platform/Developer/SDKs/iPhoneOS8.3.sdk -isystem /Applications/Xcode.app/Contents/Developer/Platforms/iPhoneOS.platform/Developer/SDKs/iPhoneOS8.3.sdk/usr/include -E  conftest.cpp
conftest.cpp:23:10: fatal error: 'ac_nonexistent.h' file not found
#include <ac_nonexistent.h>
         ^
1 error generated.
configure:12361: $? = 1
configure: failed program was:
| /* confdefs.h */
| #define PACKAGE_NAME "opencore-amr"
| #define PACKAGE_TARNAME "opencore-amr"
| #define PACKAGE_VERSION "0.1.3"
| #define PACKAGE_STRING "opencore-amr 0.1.3"
| #define PACKAGE_BUGREPORT "http://sourceforge.net/projects/opencore-amr/"
| #define PACKAGE_URL ""
| #define PACKAGE "opencore-amr"
| #define VERSION "0.1.3"
| #define STDC_HEADERS 1
| #define HAVE_SYS_TYPES_H 1
| #define HAVE_SYS_STAT_H 1
| #define HAVE_STDLIB_H 1
| #define HAVE_STRING_H 1
| #define HAVE_MEMORY_H 1
| #define HAVE_STRINGS_H 1
| #define HAVE_INTTYPES_H 1
| #define HAVE_STDINT_H 1
| #define HAVE_UNISTD_H 1
| #define HAVE_DLFCN_H 1
| #define LT_OBJDIR ".libs/"
| /* end confdefs.h.  */
| #include <ac_nonexistent.h>
configure:12530: checking for ld used by xcrun --sdk iphoneos clang++ -arch arm64 -miphoneos-version-min=7.0 --sysroot=/Applications/Xcode.app/Contents/Developer/Platforms/iPhoneOS.platform/Developer/SDKs/iPhoneOS8.3.sdk -isystem /Applications/Xcode.app/Contents/Developer/Platforms/iPhoneOS.platform/Developer/SDKs/iPhoneOS8.3.sdk/usr/include
configure:12597: result: /Applications/Xcode.app/Contents/Developer/Toolchains/XcodeDefault.xctoolchain/usr/bin/ld
configure:12604: checking if the linker (/Applications/Xcode.app/Contents/Developer/Toolchains/XcodeDefault.xctoolchain/usr/bin/ld) is GNU ld
configure:12619: result: no
configure:12674: checking whether the xcrun --sdk iphoneos clang++ -arch arm64 -miphoneos-version-min=7.0 --sysroot=/Applications/Xcode.app/Contents/Developer/Platforms/iPhoneOS.platform/Developer/SDKs/iPhoneOS8.3.sdk -isystem /Applications/Xcode.app/Contents/Developer/Platforms/iPhoneOS.platform/Developer/SDKs/iPhoneOS8.3.sdk/usr/include linker (/Applications/Xcode.app/Contents/Developer/Toolchains/XcodeDefault.xctoolchain/usr/bin/ld) supports shared libraries
configure:13679: result: yes
configure:13715: xcrun --sdk iphoneos clang++ -arch arm64 -miphoneos-version-min=7.0 --sysroot=/Applications/Xcode.app/Contents/Developer/Platforms/iPhoneOS.platform/Developer/SDKs/iPhoneOS8.3.sdk -isystem /Applications/Xcode.app/Contents/Developer/Platforms/iPhoneOS.platform/Developer/SDKs/iPhoneOS8.3.sdk/usr/include -c -g -O2  conftest.cpp >&5
configure:13718: $? = 0
configure:14238: checking for xcrun --sdk iphoneos clang++ -arch arm64 -miphoneos-version-min=7.0 --sysroot=/Applications/Xcode.app/Contents/Developer/Platforms/iPhoneOS.platform/Developer/SDKs/iPhoneOS8.3.sdk -isystem /Applications/Xcode.app/Contents/Developer/Platforms/iPhoneOS.platform/Developer/SDKs/iPhoneOS8.3.sdk/usr/include option to produce PIC
configure:14245: result: -fno-common -DPIC
configure:14253: checking if xcrun --sdk iphoneos clang++ -arch arm64 -miphoneos-version-min=7.0 --sysroot=/Applications/Xcode.app/Contents/Developer/Platforms/iPhoneOS.platform/Developer/SDKs/iPhoneOS8.3.sdk -isystem /Applications/Xcode.app/Contents/Developer/Platforms/iPhoneOS.platform/Developer/SDKs/iPhoneOS8.3.sdk/usr/include PIC flag -fno-common -DPIC works
configure:14271: xcrun --sdk iphoneos clang++ -arch arm64 -miphoneos-version-min=7.0 --sysroot=/Applications/Xcode.app/Contents/Developer/Platforms/iPhoneOS.platform/Developer/SDKs/iPhoneOS8.3.sdk -isystem /Applications/Xcode.app/Contents/Developer/Platforms/iPhoneOS.platform/Developer/SDKs/iPhoneOS8.3.sdk/usr/include -c -g -O2  -fno-common -DPIC -DPIC conftest.cpp >&5
configure:14275: $? = 0
configure:14288: result: yes
configure:14311: checking if xcrun --sdk iphoneos clang++ -arch arm64 -miphoneos-version-min=7.0 --sysroot=/Applications/Xcode.app/Contents/Developer/Platforms/iPhoneOS.platform/Developer/SDKs/iPhoneOS8.3.sdk -isystem /Applications/Xcode.app/Contents/Developer/Platforms/iPhoneOS.platform/Developer/SDKs/iPhoneOS8.3.sdk/usr/include static flag -static works
configure:14339: result: no
configure:14351: checking if xcrun --sdk iphoneos clang++ -arch arm64 -miphoneos-version-min=7.0 --sysroot=/Applications/Xcode.app/Contents/Developer/Platforms/iPhoneOS.platform/Developer/SDKs/iPhoneOS8.3.sdk -isystem /Applications/Xcode.app/Contents/Developer/Platforms/iPhoneOS.platform/Developer/SDKs/iPhoneOS8.3.sdk/usr/include supports -c -o file.o
configure:14372: xcrun --sdk iphoneos clang++ -arch arm64 -miphoneos-version-min=7.0 --sysroot=/Applications/Xcode.app/Contents/Developer/Platforms/iPhoneOS.platform/Developer/SDKs/iPhoneOS8.3.sdk -isystem /Applications/Xcode.app/Contents/Developer/Platforms/iPhoneOS.platform/Developer/SDKs/iPhoneOS8.3.sdk/usr/include -c -g -O2  -o out/conftest2.o conftest.cpp >&5
configure:14376: $? = 0
configure:14398: result: yes
configure:14403: checking if xcrun --sdk iphoneos clang++ -arch arm64 -miphoneos-version-min=7.0 --sysroot=/Applications/Xcode.app/Contents/Developer/Platforms/iPhoneOS.platform/Developer/SDKs/iPhoneOS8.3.sdk -isystem /Applications/Xcode.app/Contents/Developer/Platforms/iPhoneOS.platform/Developer/SDKs/iPhoneOS8.3.sdk/usr/include supports -c -o file.o
configure:14450: result: yes
configure:14480: checking whether the xcrun --sdk iphoneos clang++ -arch arm64 -miphoneos-version-min=7.0 --sysroot=/Applications/Xcode.app/Contents/Developer/Platforms/iPhoneOS.platform/Developer/SDKs/iPhoneOS8.3.sdk -isystem /Applications/Xcode.app/Contents/Developer/Platforms/iPhoneOS.platform/Developer/SDKs/iPhoneOS8.3.sdk/usr/include linker (/Applications/Xcode.app/Contents/Developer/Toolchains/XcodeDefault.xctoolchain/usr/bin/ld) supports shared libraries
configure:14519: result: yes
configure:14660: checking dynamic linker characteristics
configure:15339: result: darwin dyld
configure:15392: checking how to hardcode library paths into programs
configure:15417: result: immediate
configure:15481: checking for main in -lm
configure:15500: gcc -o conftest -g -O2  -Wl,-syslibroot,/Applications/Xcode.app/Contents/Developer/Platforms/iPhoneOS.platform/Developer/SDKs/iPhoneOS8.3.sdk conftest.c -lm   >&5
ld: warning: ld: warning: ignoring file /Applications/Xcode.app/Contents/Developer/Platforms/iPhoneOS.platform/Developer/SDKs/iPhoneOS8.3.sdk/usr/lib/libm.dylib, missing required architecture x86_64 in file /Applications/Xcode.app/Contents/Developer/Platforms/iPhoneOS.platform/Developer/SDKs/iPhoneOS8.3.sdk/usr/lib/libm.dylib (3 slices)ignoring file /Applications/Xcode.app/Contents/Developer/Platforms/iPhoneOS.platform/Developer/SDKs/iPhoneOS8.3.sdk/usr/lib/libSystem.dylib, missing required architecture x86_64 in file /Applications/Xcode.app/Contents/Developer/Platforms/iPhoneOS.platform/Developer/SDKs/iPhoneOS8.3.sdk/usr/lib/libSystem.dylib (3 slices)

ld: dynamic main executables must link with libSystem.dylib for architecture x86_64
clang: error: linker command failed with exit code 1 (use -v to see invocation)
configure:15500: $? = 1
configure: failed program was:
| /* confdefs.h */
| #define PACKAGE_NAME "opencore-amr"
| #define PACKAGE_TARNAME "opencore-amr"
| #define PACKAGE_VERSION "0.1.3"
| #define PACKAGE_STRING "opencore-amr 0.1.3"
| #define PACKAGE_BUGREPORT "http://sourceforge.net/projects/opencore-amr/"
| #define PACKAGE_URL ""
| #define PACKAGE "opencore-amr"
| #define VERSION "0.1.3"
| #define STDC_HEADERS 1
| #define HAVE_SYS_TYPES_H 1
| #define HAVE_SYS_STAT_H 1
| #define HAVE_STDLIB_H 1
| #define HAVE_STRING_H 1
| #define HAVE_MEMORY_H 1
| #define HAVE_STRINGS_H 1
| #define HAVE_INTTYPES_H 1
| #define HAVE_STDINT_H 1
| #define HAVE_UNISTD_H 1
| #define HAVE_DLFCN_H 1
| #define LT_OBJDIR ".libs/"
| /* end confdefs.h.  */
| 
| 
| int
| main ()
| {
| return main ();
|   ;
|   return 0;
| }
configure:15509: result: no
configure:15525: checking for stdint.h
configure:15525: result: yes
configure:15525: checking for stdlib.h
configure:15525: result: yes
configure:15525: checking for string.h
configure:15525: result: yes
configure:15537: checking for stdbool.h that conforms to C99
configure:15604: gcc -c -g -O2  conftest.c >&5
conftest.c:75:12: warning: address of 's' will always evaluate to 'true' [-Wpointer-bool-conversion]
        bool e = &s;
             ~    ^
1 warning generated.
configure:15604: $? = 0
configure:15611: result: yes
configure:15613: checking for _Bool
configure:15613: gcc -c -g -O2  conftest.c >&5
configure:15613: $? = 0
configure:15613: gcc -c -g -O2  conftest.c >&5
conftest.c:62:20: error: expected expression
if (sizeof ((_Bool)))
                   ^
1 error generated.
configure:15613: $? = 1
configure: failed program was:
| /* confdefs.h */
| #define PACKAGE_NAME "opencore-amr"
| #define PACKAGE_TARNAME "opencore-amr"
| #define PACKAGE_VERSION "0.1.3"
| #define PACKAGE_STRING "opencore-amr 0.1.3"
| #define PACKAGE_BUGREPORT "http://sourceforge.net/projects/opencore-amr/"
| #define PACKAGE_URL ""
| #define PACKAGE "opencore-amr"
| #define VERSION "0.1.3"
| #define STDC_HEADERS 1
| #define HAVE_SYS_TYPES_H 1
| #define HAVE_SYS_STAT_H 1
| #define HAVE_STDLIB_H 1
| #define HAVE_STRING_H 1
| #define HAVE_MEMORY_H 1
| #define HAVE_STRINGS_H 1
| #define HAVE_INTTYPES_H 1
| #define HAVE_STDINT_H 1
| #define HAVE_UNISTD_H 1
| #define HAVE_DLFCN_H 1
| #define LT_OBJDIR ".libs/"
| #define HAVE_STDINT_H 1
| #define HAVE_STDLIB_H 1
| #define HAVE_STRING_H 1
| /* end confdefs.h.  */
| #include <stdio.h>
| #ifdef HAVE_SYS_TYPES_H
| # include <sys/types.h>
| #endif
| #ifdef HAVE_SYS_STAT_H
| # include <sys/stat.h>
| #endif
| #ifdef STDC_HEADERS
| # include <stdlib.h>
| # include <stddef.h>
| #else
| # ifdef HAVE_STDLIB_H
| #  include <stdlib.h>
| # endif
| #endif
| #ifdef HAVE_STRING_H
| # if !defined STDC_HEADERS && defined HAVE_MEMORY_H
| #  include <memory.h>
| # endif
| # include <string.h>
| #endif
| #ifdef HAVE_STRINGS_H
| # include <strings.h>
| #endif
| #ifdef HAVE_INTTYPES_H
| # include <inttypes.h>
| #endif
| #ifdef HAVE_STDINT_H
| # include <stdint.h>
| #endif
| #ifdef HAVE_UNISTD_H
| # include <unistd.h>
| #endif
| int
| main ()
| {
| if (sizeof ((_Bool)))
| 	    return 0;
|   ;
|   return 0;
| }
configure:15613: result: yes
configure:15629: checking for inline
configure:15645: gcc -c -g -O2  conftest.c >&5
configure:15645: $? = 0
configure:15653: result: inline
configure:15671: checking for int16_t
configure:15671: gcc -c -g -O2  conftest.c >&5
configure:15671: $? = 0
configure:15671: gcc -c -g -O2  conftest.c >&5
conftest.c:65:24: error: 'test_array' declared as an array with a negative size
static int test_array [1 - 2 * !((int16_t) (((((int16_t) 1 << N) << N) - 1) * 2 + 1)
                       ^~~~~~~~~~~~~~~~~~~~~~~~~~~~~~~~~~~~~~~~~~~~~~~~~~~~~~~~~~~~~
1 error generated.
configure:15671: $? = 1
configure: failed program was:
| /* confdefs.h */
| #define PACKAGE_NAME "opencore-amr"
| #define PACKAGE_TARNAME "opencore-amr"
| #define PACKAGE_VERSION "0.1.3"
| #define PACKAGE_STRING "opencore-amr 0.1.3"
| #define PACKAGE_BUGREPORT "http://sourceforge.net/projects/opencore-amr/"
| #define PACKAGE_URL ""
| #define PACKAGE "opencore-amr"
| #define VERSION "0.1.3"
| #define STDC_HEADERS 1
| #define HAVE_SYS_TYPES_H 1
| #define HAVE_SYS_STAT_H 1
| #define HAVE_STDLIB_H 1
| #define HAVE_STRING_H 1
| #define HAVE_MEMORY_H 1
| #define HAVE_STRINGS_H 1
| #define HAVE_INTTYPES_H 1
| #define HAVE_STDINT_H 1
| #define HAVE_UNISTD_H 1
| #define HAVE_DLFCN_H 1
| #define LT_OBJDIR ".libs/"
| #define HAVE_STDINT_H 1
| #define HAVE_STDLIB_H 1
| #define HAVE_STRING_H 1
| #define HAVE__BOOL 1
| #define HAVE_STDBOOL_H 1
| /* end confdefs.h.  */
| #include <stdio.h>
| #ifdef HAVE_SYS_TYPES_H
| # include <sys/types.h>
| #endif
| #ifdef HAVE_SYS_STAT_H
| # include <sys/stat.h>
| #endif
| #ifdef STDC_HEADERS
| # include <stdlib.h>
| # include <stddef.h>
| #else
| # ifdef HAVE_STDLIB_H
| #  include <stdlib.h>
| # endif
| #endif
| #ifdef HAVE_STRING_H
| # if !defined STDC_HEADERS && defined HAVE_MEMORY_H
| #  include <memory.h>
| # endif
| # include <string.h>
| #endif
| #ifdef HAVE_STRINGS_H
| # include <strings.h>
| #endif
| #ifdef HAVE_INTTYPES_H
| # include <inttypes.h>
| #endif
| #ifdef HAVE_STDINT_H
| # include <stdint.h>
| #endif
| #ifdef HAVE_UNISTD_H
| # include <unistd.h>
| #endif
| 	        enum { N = 16 / 2 - 1 };
| int
| main ()
| {
| static int test_array [1 - 2 * !((int16_t) (((((int16_t) 1 << N) << N) - 1) * 2 + 1)
| 		 < (int16_t) (((((int16_t) 1 << N) << N) - 1) * 2 + 2))];
| test_array [0] = 0
| 
|   ;
|   return 0;
| }
configure:15671: result: yes
configure:15682: checking for int32_t
configure:15682: gcc -c -g -O2  conftest.c >&5
configure:15682: $? = 0
configure:15682: gcc -c -g -O2  conftest.c >&5
conftest.c:65:24: error: 'test_array' declared as an array with a negative size
static int test_array [1 - 2 * !((int32_t) (((((int32_t) 1 << N) << N) - 1) * 2 + 1)
                       ^~~~~~~~~~~~~~~~~~~~~~~~~~~~~~~~~~~~~~~~~~~~~~~~~~~~~~~~~~~~~
1 error generated.
configure:15682: $? = 1
configure: failed program was:
| /* confdefs.h */
| #define PACKAGE_NAME "opencore-amr"
| #define PACKAGE_TARNAME "opencore-amr"
| #define PACKAGE_VERSION "0.1.3"
| #define PACKAGE_STRING "opencore-amr 0.1.3"
| #define PACKAGE_BUGREPORT "http://sourceforge.net/projects/opencore-amr/"
| #define PACKAGE_URL ""
| #define PACKAGE "opencore-amr"
| #define VERSION "0.1.3"
| #define STDC_HEADERS 1
| #define HAVE_SYS_TYPES_H 1
| #define HAVE_SYS_STAT_H 1
| #define HAVE_STDLIB_H 1
| #define HAVE_STRING_H 1
| #define HAVE_MEMORY_H 1
| #define HAVE_STRINGS_H 1
| #define HAVE_INTTYPES_H 1
| #define HAVE_STDINT_H 1
| #define HAVE_UNISTD_H 1
| #define HAVE_DLFCN_H 1
| #define LT_OBJDIR ".libs/"
| #define HAVE_STDINT_H 1
| #define HAVE_STDLIB_H 1
| #define HAVE_STRING_H 1
| #define HAVE__BOOL 1
| #define HAVE_STDBOOL_H 1
| /* end confdefs.h.  */
| #include <stdio.h>
| #ifdef HAVE_SYS_TYPES_H
| # include <sys/types.h>
| #endif
| #ifdef HAVE_SYS_STAT_H
| # include <sys/stat.h>
| #endif
| #ifdef STDC_HEADERS
| # include <stdlib.h>
| # include <stddef.h>
| #else
| # ifdef HAVE_STDLIB_H
| #  include <stdlib.h>
| # endif
| #endif
| #ifdef HAVE_STRING_H
| # if !defined STDC_HEADERS && defined HAVE_MEMORY_H
| #  include <memory.h>
| # endif
| # include <string.h>
| #endif
| #ifdef HAVE_STRINGS_H
| # include <strings.h>
| #endif
| #ifdef HAVE_INTTYPES_H
| # include <inttypes.h>
| #endif
| #ifdef HAVE_STDINT_H
| # include <stdint.h>
| #endif
| #ifdef HAVE_UNISTD_H
| # include <unistd.h>
| #endif
| 	        enum { N = 32 / 2 - 1 };
| int
| main ()
| {
| static int test_array [1 - 2 * !((int32_t) (((((int32_t) 1 << N) << N) - 1) * 2 + 1)
| 		 < (int32_t) (((((int32_t) 1 << N) << N) - 1) * 2 + 2))];
| test_array [0] = 0
| 
|   ;
|   return 0;
| }
configure:15682: result: yes
configure:15693: checking for int64_t
configure:15693: gcc -c -g -O2  conftest.c >&5
configure:15693: $? = 0
configure:15693: gcc -c -g -O2  conftest.c >&5
conftest.c:65:24: error: 'test_array' declared as an array with a negative size
static int test_array [1 - 2 * !((int64_t) (((((int64_t) 1 << N) << N) - 1) * 2 + 1)
                       ^~~~~~~~~~~~~~~~~~~~~~~~~~~~~~~~~~~~~~~~~~~~~~~~~~~~~~~~~~~~~
1 error generated.
configure:15693: $? = 1
configure: failed program was:
| /* confdefs.h */
| #define PACKAGE_NAME "opencore-amr"
| #define PACKAGE_TARNAME "opencore-amr"
| #define PACKAGE_VERSION "0.1.3"
| #define PACKAGE_STRING "opencore-amr 0.1.3"
| #define PACKAGE_BUGREPORT "http://sourceforge.net/projects/opencore-amr/"
| #define PACKAGE_URL ""
| #define PACKAGE "opencore-amr"
| #define VERSION "0.1.3"
| #define STDC_HEADERS 1
| #define HAVE_SYS_TYPES_H 1
| #define HAVE_SYS_STAT_H 1
| #define HAVE_STDLIB_H 1
| #define HAVE_STRING_H 1
| #define HAVE_MEMORY_H 1
| #define HAVE_STRINGS_H 1
| #define HAVE_INTTYPES_H 1
| #define HAVE_STDINT_H 1
| #define HAVE_UNISTD_H 1
| #define HAVE_DLFCN_H 1
| #define LT_OBJDIR ".libs/"
| #define HAVE_STDINT_H 1
| #define HAVE_STDLIB_H 1
| #define HAVE_STRING_H 1
| #define HAVE__BOOL 1
| #define HAVE_STDBOOL_H 1
| /* end confdefs.h.  */
| #include <stdio.h>
| #ifdef HAVE_SYS_TYPES_H
| # include <sys/types.h>
| #endif
| #ifdef HAVE_SYS_STAT_H
| # include <sys/stat.h>
| #endif
| #ifdef STDC_HEADERS
| # include <stdlib.h>
| # include <stddef.h>
| #else
| # ifdef HAVE_STDLIB_H
| #  include <stdlib.h>
| # endif
| #endif
| #ifdef HAVE_STRING_H
| # if !defined STDC_HEADERS && defined HAVE_MEMORY_H
| #  include <memory.h>
| # endif
| # include <string.h>
| #endif
| #ifdef HAVE_STRINGS_H
| # include <strings.h>
| #endif
| #ifdef HAVE_INTTYPES_H
| # include <inttypes.h>
| #endif
| #ifdef HAVE_STDINT_H
| # include <stdint.h>
| #endif
| #ifdef HAVE_UNISTD_H
| # include <unistd.h>
| #endif
| 	        enum { N = 64 / 2 - 1 };
| int
| main ()
| {
| static int test_array [1 - 2 * !((int64_t) (((((int64_t) 1 << N) << N) - 1) * 2 + 1)
| 		 < (int64_t) (((((int64_t) 1 << N) << N) - 1) * 2 + 2))];
| test_array [0] = 0
| 
|   ;
|   return 0;
| }
configure:15693: result: yes
configure:15704: checking for int8_t
configure:15704: gcc -c -g -O2  conftest.c >&5
configure:15704: $? = 0
configure:15704: gcc -c -g -O2  conftest.c >&5
conftest.c:65:24: error: 'test_array' declared as an array with a negative size
static int test_array [1 - 2 * !((int8_t) (((((int8_t) 1 << N) << N) - 1) * 2 + 1)
                       ^~~~~~~~~~~~~~~~~~~~~~~~~~~~~~~~~~~~~~~~~~~~~~~~~~~~~~~~~~~
1 error generated.
configure:15704: $? = 1
configure: failed program was:
| /* confdefs.h */
| #define PACKAGE_NAME "opencore-amr"
| #define PACKAGE_TARNAME "opencore-amr"
| #define PACKAGE_VERSION "0.1.3"
| #define PACKAGE_STRING "opencore-amr 0.1.3"
| #define PACKAGE_BUGREPORT "http://sourceforge.net/projects/opencore-amr/"
| #define PACKAGE_URL ""
| #define PACKAGE "opencore-amr"
| #define VERSION "0.1.3"
| #define STDC_HEADERS 1
| #define HAVE_SYS_TYPES_H 1
| #define HAVE_SYS_STAT_H 1
| #define HAVE_STDLIB_H 1
| #define HAVE_STRING_H 1
| #define HAVE_MEMORY_H 1
| #define HAVE_STRINGS_H 1
| #define HAVE_INTTYPES_H 1
| #define HAVE_STDINT_H 1
| #define HAVE_UNISTD_H 1
| #define HAVE_DLFCN_H 1
| #define LT_OBJDIR ".libs/"
| #define HAVE_STDINT_H 1
| #define HAVE_STDLIB_H 1
| #define HAVE_STRING_H 1
| #define HAVE__BOOL 1
| #define HAVE_STDBOOL_H 1
| /* end confdefs.h.  */
| #include <stdio.h>
| #ifdef HAVE_SYS_TYPES_H
| # include <sys/types.h>
| #endif
| #ifdef HAVE_SYS_STAT_H
| # include <sys/stat.h>
| #endif
| #ifdef STDC_HEADERS
| # include <stdlib.h>
| # include <stddef.h>
| #else
| # ifdef HAVE_STDLIB_H
| #  include <stdlib.h>
| # endif
| #endif
| #ifdef HAVE_STRING_H
| # if !defined STDC_HEADERS && defined HAVE_MEMORY_H
| #  include <memory.h>
| # endif
| # include <string.h>
| #endif
| #ifdef HAVE_STRINGS_H
| # include <strings.h>
| #endif
| #ifdef HAVE_INTTYPES_H
| # include <inttypes.h>
| #endif
| #ifdef HAVE_STDINT_H
| # include <stdint.h>
| #endif
| #ifdef HAVE_UNISTD_H
| # include <unistd.h>
| #endif
| 	        enum { N = 8 / 2 - 1 };
| int
| main ()
| {
| static int test_array [1 - 2 * !((int8_t) (((((int8_t) 1 << N) << N) - 1) * 2 + 1)
| 		 < (int8_t) (((((int8_t) 1 << N) << N) - 1) * 2 + 2))];
| test_array [0] = 0
| 
|   ;
|   return 0;
| }
configure:15704: result: yes
configure:15715: checking for uint16_t
configure:15715: gcc -c -g -O2  conftest.c >&5
configure:15715: $? = 0
configure:15715: result: yes
configure:15727: checking for uint32_t
configure:15727: gcc -c -g -O2  conftest.c >&5
configure:15727: $? = 0
configure:15727: result: yes
configure:15741: checking for uint64_t
configure:15741: gcc -c -g -O2  conftest.c >&5
configure:15741: $? = 0
configure:15741: result: yes
configure:15755: checking for uint8_t
configure:15755: gcc -c -g -O2  conftest.c >&5
configure:15755: $? = 0
configure:15755: result: yes
configure:15773: checking for stdlib.h
configure:15773: result: yes
configure:15783: checking for GNU libc compatible malloc
configure:15817: result: no
configure:15840: checking for memset
configure:15840: gcc -o conftest -g -O2  -Wl,-syslibroot,/Applications/Xcode.app/Contents/Developer/Platforms/iPhoneOS.platform/Developer/SDKs/iPhoneOS8.3.sdk conftest.c  >&5
conftest.c:54:6: warning: incompatible redeclaration of library function 'memset' [-Wincompatible-library-redeclaration]
char memset ();
     ^
conftest.c:54:6: note: 'memset' is a builtin with type 'void *(void *, int, unsigned long)'
1 warning generated.
ld: warning: ignoring file /Applications/Xcode.app/Contents/Developer/Platforms/iPhoneOS.platform/Developer/SDKs/iPhoneOS8.3.sdk/usr/lib/libSystem.dylib, missing required architecture x86_64 in file /Applications/Xcode.app/Contents/Developer/Platforms/iPhoneOS.platform/Developer/SDKs/iPhoneOS8.3.sdk/usr/lib/libSystem.dylib (3 slices)
Undefined symbols for architecture x86_64:
  "_memset", referenced from:
      _main in conftest-3ca117.o
ld: symbol(s) not found for architecture x86_64
clang: error: linker command failed with exit code 1 (use -v to see invocation)
configure:15840: $? = 1
configure: failed program was:
| /* confdefs.h */
| #define PACKAGE_NAME "opencore-amr"
| #define PACKAGE_TARNAME "opencore-amr"
| #define PACKAGE_VERSION "0.1.3"
| #define PACKAGE_STRING "opencore-amr 0.1.3"
| #define PACKAGE_BUGREPORT "http://sourceforge.net/projects/opencore-amr/"
| #define PACKAGE_URL ""
| #define PACKAGE "opencore-amr"
| #define VERSION "0.1.3"
| #define STDC_HEADERS 1
| #define HAVE_SYS_TYPES_H 1
| #define HAVE_SYS_STAT_H 1
| #define HAVE_STDLIB_H 1
| #define HAVE_STRING_H 1
| #define HAVE_MEMORY_H 1
| #define HAVE_STRINGS_H 1
| #define HAVE_INTTYPES_H 1
| #define HAVE_STDINT_H 1
| #define HAVE_UNISTD_H 1
| #define HAVE_DLFCN_H 1
| #define LT_OBJDIR ".libs/"
| #define HAVE_STDINT_H 1
| #define HAVE_STDLIB_H 1
| #define HAVE_STRING_H 1
| #define HAVE__BOOL 1
| #define HAVE_STDBOOL_H 1
| #define HAVE_STDLIB_H 1
| #define HAVE_MALLOC 0
| #define malloc rpl_malloc
| /* end confdefs.h.  */
| /* Define memset to an innocuous variant, in case <limits.h> declares memset.
|    For example, HP-UX 11i <limits.h> declares gettimeofday.  */
| #define memset innocuous_memset
| 
| /* System header to define __stub macros and hopefully few prototypes,
|     which can conflict with char memset (); below.
|     Prefer <limits.h> to <assert.h> if __STDC__ is defined, since
|     <limits.h> exists even on freestanding compilers.  */
| 
| #ifdef __STDC__
| # include <limits.h>
| #else
| # include <assert.h>
| #endif
| 
| #undef memset
| 
| /* Override any GCC internal prototype to avoid an error.
|    Use char because int might match the return type of a GCC
|    builtin and then its argument prototype would still apply.  */
| #ifdef __cplusplus
| extern "C"
| #endif
| char memset ();
| /* The GNU C library defines this for functions which it implements
|     to always fail with ENOSYS.  Some functions are actually named
|     something starting with __ and the normal name is an alias.  */
| #if defined __stub_memset || defined __stub___memset
| choke me
| #endif
| 
| int
| main ()
| {
| return memset ();
|   ;
|   return 0;
| }
configure:15840: result: no
configure:16018: creating ./config.status

## ---------------------- ##
## Running config.status. ##
## ---------------------- ##

This file was extended by opencore-amr config.status 0.1.3, which was
generated by GNU Autoconf 2.68.  Invocation command line was

  CONFIG_FILES    = 
  CONFIG_HEADERS  = 
  CONFIG_LINKS    = 
  CONFIG_COMMANDS = 
  $ ./config.status 

on cxjwinmatoMacBook-Pro.local

config.status:1185: creating Makefile
config.status:1185: creating amrnb/Makefile
config.status:1185: creating amrwb/Makefile
config.status:1185: creating test/Makefile
config.status:1185: creating amrnb/opencore-amrnb.pc
config.status:1185: creating amrwb/opencore-amrwb.pc
config.status:1185: creating config.h
config.status:1366: config.h is unchanged
config.status:1414: executing depfiles commands
config.status:1414: executing libtool commands

## ---------------- ##
## Cache variables. ##
## ---------------- ##

ac_cv_build=x86_64-apple-darwin14.3.0
ac_cv_c_compiler_gnu=yes
ac_cv_c_inline=inline
ac_cv_c_int16_t=yes
ac_cv_c_int32_t=yes
ac_cv_c_int64_t=yes
ac_cv_c_int8_t=yes
ac_cv_c_uint16_t=yes
ac_cv_c_uint32_t=yes
ac_cv_c_uint64_t=yes
ac_cv_c_uint8_t=yes
ac_cv_cxx_compiler_gnu=yes
ac_cv_env_CCC_set=
ac_cv_env_CCC_value=
ac_cv_env_CC_set=
ac_cv_env_CC_value=
ac_cv_env_CFLAGS_set=
ac_cv_env_CFLAGS_value=
ac_cv_env_CPPFLAGS_set=
ac_cv_env_CPPFLAGS_value=
ac_cv_env_CPP_set=
ac_cv_env_CPP_value=
ac_cv_env_CXXCPP_set=
ac_cv_env_CXXCPP_value=
ac_cv_env_CXXFLAGS_set=
ac_cv_env_CXXFLAGS_value=
ac_cv_env_CXX_set=set
ac_cv_env_CXX_value='xcrun --sdk iphoneos clang++ -arch arm64 -miphoneos-version-min=7.0 --sysroot=/Applications/Xcode.app/Contents/Developer/Platforms/iPhoneOS.platform/Developer/SDKs/iPhoneOS8.3.sdk -isystem /Applications/Xcode.app/Contents/Developer/Platforms/iPhoneOS.platform/Developer/SDKs/iPhoneOS8.3.sdk/usr/include'
ac_cv_env_LDFLAGS_set=set
ac_cv_env_LDFLAGS_value=-Wl,-syslibroot,/Applications/Xcode.app/Contents/Developer/Platforms/iPhoneOS.platform/Developer/SDKs/iPhoneOS8.3.sdk
ac_cv_env_LIBS_set=
ac_cv_env_LIBS_value=
ac_cv_env_build_alias_set=
ac_cv_env_build_alias_value=
ac_cv_env_host_alias_set=set
ac_cv_env_host_alias_value=arm-apple-darwin
ac_cv_env_target_alias_set=
ac_cv_env_target_alias_value=
ac_cv_func_malloc_0_nonnull=no
ac_cv_func_memset=no
ac_cv_header_dlfcn_h=yes
ac_cv_header_inttypes_h=yes
ac_cv_header_memory_h=yes
ac_cv_header_stdbool_h=yes
ac_cv_header_stdc=yes
ac_cv_header_stdint_h=yes
ac_cv_header_stdlib_h=yes
ac_cv_header_string_h=yes
ac_cv_header_strings_h=yes
ac_cv_header_sys_stat_h=yes
ac_cv_header_sys_types_h=yes
ac_cv_header_unistd_h=yes
ac_cv_host=arm-apple-darwin
ac_cv_lib_m_main=no
ac_cv_objext=o
ac_cv_path_EGREP='/usr/bin/grep -E'
ac_cv_path_FGREP='/usr/bin/grep -F'
ac_cv_path_GREP=/usr/bin/grep
ac_cv_path_SED=/usr/bin/sed
ac_cv_path_install='/usr/bin/install -c'
ac_cv_prog_AWK=awk
ac_cv_prog_CPP='gcc -E'
ac_cv_prog_CXXCPP='xcrun --sdk iphoneos clang++ -arch arm64 -miphoneos-version-min=7.0 --sysroot=/Applications/Xcode.app/Contents/Developer/Platforms/iPhoneOS.platform/Developer/SDKs/iPhoneOS8.3.sdk -isystem /Applications/Xcode.app/Contents/Developer/Platforms/iPhoneOS.platform/Developer/SDKs/iPhoneOS8.3.sdk/usr/include -E'
ac_cv_prog_STRIP=strip
ac_cv_prog_ac_ct_AR=ar
ac_cv_prog_ac_ct_CC=gcc
ac_cv_prog_ac_ct_DSYMUTIL=dsymutil
ac_cv_prog_ac_ct_DUMPBIN='link -dump'
ac_cv_prog_ac_ct_LIPO=lipo
ac_cv_prog_ac_ct_NMEDIT=nmedit
ac_cv_prog_ac_ct_OTOOL=otool
ac_cv_prog_ac_ct_RANLIB=ranlib
ac_cv_prog_ac_ct_STRIP=strip
ac_cv_prog_cc_c89=
ac_cv_prog_cc_g=yes
ac_cv_prog_cxx_g=yes
ac_cv_prog_make_make_set=yes
ac_cv_type__Bool=yes
am_cv_CC_dependencies_compiler_type=gcc3
am_cv_CXX_dependencies_compiler_type=gcc3
am_cv_make_support_nested_variables=yes
am_cv_prog_tar_ustar=gnutar
lt_cv_apple_cc_single_mod=yes
lt_cv_ar_at_file=no
lt_cv_deplibs_check_method=pass_all
lt_cv_file_magic_cmd='$MAGIC_CMD'
lt_cv_file_magic_test_file=
lt_cv_ld_exported_symbols_list=no
lt_cv_ld_force_load=no
lt_cv_ld_reload_flag=-r
lt_cv_nm_interface='BSD nm'
lt_cv_objdir=.libs
lt_cv_path_LD=/Applications/Xcode.app/Contents/Developer/Toolchains/XcodeDefault.xctoolchain/usr/bin/ld
lt_cv_path_LDCXX=/Applications/Xcode.app/Contents/Developer/Toolchains/XcodeDefault.xctoolchain/usr/bin/ld
lt_cv_path_NM=no
lt_cv_path_mainfest_tool=no
lt_cv_prog_compiler_c_o=yes
lt_cv_prog_compiler_c_o_CXX=yes
lt_cv_prog_compiler_pic='-fno-common -DPIC'
lt_cv_prog_compiler_pic_CXX='-fno-common -DPIC'
lt_cv_prog_compiler_pic_works=yes
lt_cv_prog_compiler_pic_works_CXX=yes
lt_cv_prog_compiler_rtti_exceptions=yes
lt_cv_prog_compiler_static_works=no
lt_cv_prog_compiler_static_works_CXX=no
lt_cv_prog_gnu_ld=no
lt_cv_prog_gnu_ldcxx=no
lt_cv_sharedlib_from_linklib_cmd='printf %s\n'
lt_cv_sys_global_symbol_pipe=
lt_cv_sys_global_symbol_to_c_name_address='sed -n -e '\''s/^: \([^ ]*\)[ ]*$/  {\"\1\", (void *) 0},/p'\'' -e '\''s/^[BCDEGRST]* \([^ ]*\) \([^ ]*\)$/  {"\2", (void *) \&\2},/p'\'''
lt_cv_sys_global_symbol_to_c_name_address_lib_prefix='sed -n -e '\''s/^: \([^ ]*\)[ ]*$/  {\"\1\", (void *) 0},/p'\'' -e '\''s/^[BCDEGRST]* \([^ ]*\) \(lib[^ ]*\)$/  {"\2", (void *) \&\2},/p'\'' -e '\''s/^[BCDEGRST]* \([^ ]*\) \([^ ]*\)$/  {"lib\2", (void *) \&\2},/p'\'''
lt_cv_sys_global_symbol_to_cdecl=
lt_cv_sys_max_cmd_len=196608
lt_cv_to_host_file_cmd=func_convert_file_noop
lt_cv_to_tool_file_cmd=func_convert_file_noop

## ----------------- ##
## Output variables. ##
## ----------------- ##

ACLOCAL='${SHELL} /Users/cxjwin/Desktop/WorkSpace/Github/opencore-amr-0.1.3/missing --run aclocal-1.11'
AMDEPBACKSLASH='\'
AMDEP_FALSE='#'
AMDEP_TRUE=''
AMRNB_DECODER_FALSE='#'
AMRNB_DECODER_TRUE=''
AMRNB_ENCODER_FALSE='#'
AMRNB_ENCODER_TRUE=''
AMTAR='$${TAR-tar}'
AM_BACKSLASH='\'
AM_DEFAULT_V='$(AM_DEFAULT_VERBOSITY)'
AM_DEFAULT_VERBOSITY='0'
AM_V='$(V)'
AR='ar'
AUTOCONF='${SHELL} /Users/cxjwin/Desktop/WorkSpace/Github/opencore-amr-0.1.3/missing --run autoconf'
AUTOHEADER='${SHELL} /Users/cxjwin/Desktop/WorkSpace/Github/opencore-amr-0.1.3/missing --run autoheader'
AUTOMAKE='${SHELL} /Users/cxjwin/Desktop/WorkSpace/Github/opencore-amr-0.1.3/missing --run automake-1.11'
AWK='awk'
CC='gcc'
CCDEPMODE='depmode=gcc3'
CFLAGS='-g -O2'
COMPILE_AS_C_FALSE='#'
COMPILE_AS_C_TRUE=''
CPP='gcc -E'
CPPFLAGS=''
CXX='xcrun --sdk iphoneos clang++ -arch arm64 -miphoneos-version-min=7.0 --sysroot=/Applications/Xcode.app/Contents/Developer/Platforms/iPhoneOS.platform/Developer/SDKs/iPhoneOS8.3.sdk -isystem /Applications/Xcode.app/Contents/Developer/Platforms/iPhoneOS.platform/Developer/SDKs/iPhoneOS8.3.sdk/usr/include'
CXXCPP='xcrun --sdk iphoneos clang++ -arch arm64 -miphoneos-version-min=7.0 --sysroot=/Applications/Xcode.app/Contents/Developer/Platforms/iPhoneOS.platform/Developer/SDKs/iPhoneOS8.3.sdk -isystem /Applications/Xcode.app/Contents/Developer/Platforms/iPhoneOS.platform/Developer/SDKs/iPhoneOS8.3.sdk/usr/include -E'
CXXDEPMODE='depmode=gcc3'
CXXFLAGS='-g -O2'
CYGPATH_W='echo'
DEFS='-DHAVE_CONFIG_H'
DEPDIR='.deps'
DLLTOOL='false'
DSYMUTIL='dsymutil'
DUMPBIN=':'
ECHO_C='\c'
ECHO_N=''
ECHO_T=''
EGREP='/usr/bin/grep -E'
EXAMPLES_FALSE=''
EXAMPLES_TRUE='#'
EXEEXT=''
FGREP='/usr/bin/grep -F'
GCC_ARMV5_FALSE=''
GCC_ARMV5_TRUE='#'
GREP='/usr/bin/grep'
INSTALL_DATA='${INSTALL} -m 644'
INSTALL_PROGRAM='${INSTALL}'
INSTALL_SCRIPT='${INSTALL}'
INSTALL_STRIP_PROGRAM='$(install_sh) -c -s'
LD='/Applications/Xcode.app/Contents/Developer/Toolchains/XcodeDefault.xctoolchain/usr/bin/ld'
LDFLAGS='-Wl,-syslibroot,/Applications/Xcode.app/Contents/Developer/Platforms/iPhoneOS.platform/Developer/SDKs/iPhoneOS8.3.sdk'
LIBOBJS=' ${LIBOBJDIR}malloc$U.o'
LIBS=''
LIBTOOL='$(SHELL) $(top_builddir)/libtool'
LIBTOOL_DEPS='./ltmain.sh'
LIPO='lipo'
LN_S='ln -s'
LTLIBOBJS=' ${LIBOBJDIR}malloc$U.lo'
MAINT='#'
MAINTAINER_MODE_FALSE=''
MAINTAINER_MODE_TRUE='#'
MAKEINFO='${SHELL} /Users/cxjwin/Desktop/WorkSpace/Github/opencore-amr-0.1.3/missing --run makeinfo'
MANIFEST_TOOL=':'
MKDIR_P='./install-sh -c -d'
NM='nm'
NMEDIT='nmedit'
OBJDUMP='false'
OBJEXT='o'
OPENCORE_AMRNB_VERSION='0:3:0'
OPENCORE_AMRWB_VERSION='0:3:0'
OTOOL64=':'
OTOOL='otool'
PACKAGE='opencore-amr'
PACKAGE_BUGREPORT='http://sourceforge.net/projects/opencore-amr/'
PACKAGE_NAME='opencore-amr'
PACKAGE_STRING='opencore-amr 0.1.3'
PACKAGE_TARNAME='opencore-amr'
PACKAGE_URL=''
PACKAGE_VERSION='0.1.3'
PATH_SEPARATOR=':'
RANLIB='ranlib'
SED='/usr/bin/sed'
SET_MAKE=''
SHELL='/bin/sh'
STRIP='strip'
VERSION='0.1.3'
ac_ct_AR='ar'
ac_ct_CC='gcc'
ac_ct_CXX=''
ac_ct_DUMPBIN='link -dump'
am__EXEEXT_FALSE=''
am__EXEEXT_TRUE='#'
am__fastdepCC_FALSE='#'
am__fastdepCC_TRUE=''
am__fastdepCXX_FALSE='#'
am__fastdepCXX_TRUE=''
am__include='include'
am__isrc=''
am__leading_dot='.'
am__nodep='_no'
am__quote=''
am__tar='tar --format=ustar -chf - "$$tardir"'
am__untar='tar -xf -'
bindir='${exec_prefix}/bin'
build='x86_64-apple-darwin14.3.0'
build_alias=''
build_cpu='x86_64'
build_os='darwin14.3.0'
build_vendor='apple'
datadir='${datarootdir}'
datarootdir='${prefix}/share'
docdir='${datarootdir}/doc/${PACKAGE_TARNAME}'
dvidir='${docdir}'
exec_prefix='${prefix}'
host='arm-apple-darwin'
host_alias='arm-apple-darwin'
host_cpu='arm'
host_os='darwin'
host_vendor='apple'
htmldir='${docdir}'
includedir='${prefix}/include'
infodir='${datarootdir}/info'
install_sh='${SHELL} /Users/cxjwin/Desktop/WorkSpace/Github/opencore-amr-0.1.3/install-sh'
libdir='${exec_prefix}/lib'
libexecdir='${exec_prefix}/libexec'
localedir='${datarootdir}/locale'
localstatedir='${prefix}/var'
mandir='${datarootdir}/man'
mkdir_p='$(top_builddir)/./install-sh -c -d'
oldincludedir='/usr/include'
pdfdir='${docdir}'
prefix='/Users/cxjwin/Desktop/opencore_amr_ios/arm64'
program_transform_name='s,x,x,'
psdir='${docdir}'
sbindir='${exec_prefix}/sbin'
sharedstatedir='${prefix}/com'
sysconfdir='${prefix}/etc'
target_alias=''

## ----------- ##
## confdefs.h. ##
## ----------- ##

/* confdefs.h */
#define PACKAGE_NAME "opencore-amr"
#define PACKAGE_TARNAME "opencore-amr"
#define PACKAGE_VERSION "0.1.3"
#define PACKAGE_STRING "opencore-amr 0.1.3"
#define PACKAGE_BUGREPORT "http://sourceforge.net/projects/opencore-amr/"
#define PACKAGE_URL ""
#define PACKAGE "opencore-amr"
#define VERSION "0.1.3"
#define STDC_HEADERS 1
#define HAVE_SYS_TYPES_H 1
#define HAVE_SYS_STAT_H 1
#define HAVE_STDLIB_H 1
#define HAVE_STRING_H 1
#define HAVE_MEMORY_H 1
#define HAVE_STRINGS_H 1
#define HAVE_INTTYPES_H 1
#define HAVE_STDINT_H 1
#define HAVE_UNISTD_H 1
#define HAVE_DLFCN_H 1
#define LT_OBJDIR ".libs/"
#define HAVE_STDINT_H 1
#define HAVE_STDLIB_H 1
#define HAVE_STRING_H 1
#define HAVE__BOOL 1
#define HAVE_STDBOOL_H 1
#define HAVE_STDLIB_H 1
#define HAVE_MALLOC 0
#define malloc rpl_malloc

configure: exit 0
